<?xml version="1.0" encoding="UTF-8"?>
<!-- Generated by org.testng.reporters.JUnitXMLReporter -->
<testsuite hostname="DESKTOP-ODQ4RN5" failures="2" tests="5" name="ExpandReport" time="163.565" errors="0" timestamp="5 Mar 2018 05:44:03 GMT">
  <testcase classname="com.anantaa.extends_reports3_23_02.FaceBookLogin" name="pageTitle" time="0.077">
    <failure type="java.lang.AssertionError" message="expected [true] but found [false]">
      <![CDATA[java.lang.AssertionError: expected [true] but found [false]
	at com.anantaa.extends_reports3_23_02.FaceBookLogin.pageTitle(FaceBookLogin.java:56)
... Removed 30 stack frames]]>
    </failure>
  </testcase> <!-- pageTitle -->
  <testcase classname="com.anantaa.extends_reports3_23_02.FaceBookLogin" name="errMsgBothBlank" time="2.989"/>
  <testcase classname="com.anantaa.extends_reports3_23_02.FaceBookLogin" name="errPassBlank" time="2.675">
    <failure type="java.lang.AssertionError" message="expected [true] but found [false]">
      <![CDATA[java.lang.AssertionError: expected [true] but found [false]
	at com.anantaa.extends_reports3_23_02.FaceBookLogin.errPassBlank(FaceBookLogin.java:91)
... Removed 30 stack frames]]>
    </failure>
  </testcase> <!-- errPassBlank -->
  <testcase classname="com.anantaa.extends_reports3_23_02.FaceBookLogin" name="errIdBlank" time="2.106"/>
  <testcase classname="com.testngListener.TestNGTestCase" name="linkedin" time="75.101"/>
</testsuite> <!-- ExpandReport -->
