<?xml version="1.0" encoding="UTF-8"?>
<!-- Generated by org.testng.reporters.JUnitXMLReporter -->
<testsuite hostname="DESKTOP-ODQ4RN5" failures="3" tests="5" name="ExpandReport" time="162.869" errors="0" timestamp="4 Mar 2018 18:02:56 GMT">
  <testcase classname="com.anantaa.extends_reports3_23_02.FaceBookLogin" name="pageTitle" time="0.099">
    <failure type="java.lang.AssertionError" message="expected [true] but found [false]">
      <![CDATA[java.lang.AssertionError: expected [true] but found [false]
	at com.anantaa.extends_reports3_23_02.FaceBookLogin.pageTitle(FaceBookLogin.java:56)
... Removed 30 stack frames]]>
    </failure>
  </testcase> <!-- pageTitle -->
  <testcase classname="com.anantaa.extends_reports3_23_02.FaceBookLogin" name="errMsgBothBlank" time="2.15">
    <failure type="java.lang.AssertionError" message="expected [true] but found [false]">
      <![CDATA[java.lang.AssertionError: expected [true] but found [false]
	at com.anantaa.extends_reports3_23_02.FaceBookLogin.errMsgBothBlank(FaceBookLogin.java:73)
... Removed 30 stack frames]]>
    </failure>
  </testcase> <!-- errMsgBothBlank -->
  <testcase classname="com.anantaa.extends_reports3_23_02.FaceBookLogin" name="errPassBlank" time="4.726">
    <failure type="java.lang.AssertionError" message="expected [true] but found [false]">
      <![CDATA[java.lang.AssertionError: expected [true] but found [false]
	at com.anantaa.extends_reports3_23_02.FaceBookLogin.errPassBlank(FaceBookLogin.java:91)
... Removed 30 stack frames]]>
    </failure>
  </testcase> <!-- errPassBlank -->
  <testcase classname="com.anantaa.extends_reports3_23_02.FaceBookLogin" name="errIdBlank" time="1.48"/>
  <testcase classname="com.testngListener.TestNGTestCase" name="linkedin" time="74.073"/>
</testsuite> <!-- ExpandReport -->
